<?xml version="1.0" encoding="UTF-8"?>
<!-- Generated by org.testng.reporters.JUnitXMLReporter -->
<testsuite ignored="0" hostname="LAPTOP-0GFUST29" failures="0" tests="3" name="Test" time="38.637" errors="0" timestamp="2024-03-10T21:11:20 IST">
  <testcase classname="testcases.LoginTest" name="LoginSuccessTest" time="12.605"/>
  <testcase classname="testcases.LoginTest" name="LoginFailureTest" time="15.39"/>
  <testcase classname="testcases.LoginTest" name="LoginSuccessTest2" time="18.767"/>
</testsuite> <!-- Test -->
