<?xml version="1.0" encoding="UTF-8"?>
<!-- Generated by org.testng.reporters.JUnitXMLReporter -->
<testsuite ignored="0" hostname="LAPTOP-0GFUST29" failures="0" tests="3" name="Test" time="39.466" errors="0" timestamp="2024-03-16T21:25:44 IST">
  <testcase classname="testcases.LoginTest" name="LoginFailureTest" time="9.474"/>
  <testcase classname="testcases.LoginTest" name="LoginSuccessTest" time="10.655"/>
  <testcase classname="testcases.LoginTest" name="LoginSuccessTest2" time="9.639"/>
</testsuite> <!-- Test -->
