<?xml version="1.0" encoding="UTF-8"?>
<testng-results ignored="0" total="2" passed="2" failed="0" skipped="0">
  <reporter-output>
  </reporter-output>
  <suite started-at="2023-11-25T14:24:09Z" name="Suite" finished-at="2023-11-25T14:25:45Z" duration-ms="96486">
    <groups>
    </groups>
    <test started-at="2023-11-25T14:24:09Z" name="Test" finished-at="2023-11-25T14:25:45Z" duration-ms="96486">
      <class name="testcases.LoginTest">
        <test-method is-config="true" signature="SetUp()[pri:0, instance:testcases.LoginTest@39d9314d]" started-at="2023-11-25T14:24:09Z" name="SetUp" finished-at="2023-11-25T14:24:13Z" duration-ms="3947" status="PASS">
          <reporter-output>
          </reporter-output>
        </test-method> <!-- SetUp -->
        <test-method signature="LoginFailureTest()[pri:0, instance:testcases.LoginTest@39d9314d]" started-at="2023-11-25T14:24:13Z" name="LoginFailureTest" finished-at="2023-11-25T14:24:57Z" duration-ms="43910" status="PASS">
          <reporter-output>
          </reporter-output>
        </test-method> <!-- LoginFailureTest -->
        <test-method is-config="true" signature="TearDown()[pri:0, instance:testcases.LoginTest@39d9314d]" started-at="2023-11-25T14:24:57Z" name="TearDown" finished-at="2023-11-25T14:24:57Z" duration-ms="198" status="PASS">
          <reporter-output>
          </reporter-output>
        </test-method> <!-- TearDown -->
        <test-method is-config="true" signature="SetUp()[pri:0, instance:testcases.LoginTest@39d9314d]" started-at="2023-11-25T14:24:57Z" name="SetUp" finished-at="2023-11-25T14:25:00Z" duration-ms="3049" status="PASS">
          <reporter-output>
          </reporter-output>
        </test-method> <!-- SetUp -->
        <test-method signature="LoginSuccessTest()[pri:0, instance:testcases.LoginTest@39d9314d]" started-at="2023-11-25T14:25:00Z" name="LoginSuccessTest" finished-at="2023-11-25T14:25:45Z" duration-ms="45174" status="PASS">
          <reporter-output>
          </reporter-output>
        </test-method> <!-- LoginSuccessTest -->
        <test-method is-config="true" signature="TearDown()[pri:0, instance:testcases.LoginTest@39d9314d]" started-at="2023-11-25T14:25:45Z" name="TearDown" finished-at="2023-11-25T14:25:45Z" duration-ms="170" status="PASS">
          <reporter-output>
          </reporter-output>
        </test-method> <!-- TearDown -->
      </class> <!-- testcases.LoginTest -->
    </test> <!-- Test -->
  </suite> <!-- Suite -->
</testng-results>
