<?xml version="1.0" encoding="UTF-8"?>
<testng-results ignored="0" total="3" passed="3" failed="0" skipped="0">
  <reporter-output>
  </reporter-output>
  <suite started-at="2024-03-10T21:10:41 IST" name="Suite" finished-at="2024-03-10T21:11:20 IST" duration-ms="38637">
    <groups>
    </groups>
    <test started-at="2024-03-10T21:10:41 IST" name="Test" finished-at="2024-03-10T21:11:20 IST" duration-ms="38637">
      <class name="testcases.LoginTest">
        <test-method is-config="true" signature="SetUp()[pri:0, instance:testcases.LoginTest@4470f8a6]" started-at="2024-03-10T21:10:41 IST" name="SetUp" finished-at="2024-03-10T21:10:46 IST" duration-ms="4187" status="PASS">
          <reporter-output>
          </reporter-output>
        </test-method> <!-- SetUp -->
        <test-method is-config="true" signature="SetUp()[pri:0, instance:testcases.LoginTest@4470f8a6]" started-at="2024-03-10T21:10:41 IST" name="SetUp" finished-at="2024-03-10T21:10:46 IST" duration-ms="4250" status="PASS">
          <reporter-output>
          </reporter-output>
        </test-method> <!-- SetUp -->
        <test-method signature="LoginSuccessTest()[pri:0, instance:testcases.LoginTest@4470f8a6]" started-at="2024-03-10T21:10:46 IST" name="LoginSuccessTest" finished-at="2024-03-10T21:10:58 IST" duration-ms="12605" status="PASS">
          <reporter-output>
          </reporter-output>
        </test-method> <!-- LoginSuccessTest -->
        <test-method signature="LoginFailureTest()[pri:0, instance:testcases.LoginTest@4470f8a6]" started-at="2024-03-10T21:10:46 IST" name="LoginFailureTest" finished-at="2024-03-10T21:11:01 IST" duration-ms="15390" status="PASS">
          <reporter-output>
          </reporter-output>
        </test-method> <!-- LoginFailureTest -->
        <test-method is-config="true" signature="TearDown()[pri:0, instance:testcases.LoginTest@4470f8a6]" started-at="2024-03-10T21:10:58 IST" name="TearDown" finished-at="2024-03-10T21:10:58 IST" duration-ms="142" status="PASS">
          <reporter-output>
          </reporter-output>
        </test-method> <!-- TearDown -->
        <test-method is-config="true" signature="SetUp()[pri:0, instance:testcases.LoginTest@4470f8a6]" started-at="2024-03-10T21:10:58 IST" name="SetUp" finished-at="2024-03-10T21:11:01 IST" duration-ms="2788" status="PASS">
          <reporter-output>
          </reporter-output>
        </test-method> <!-- SetUp -->
        <test-method is-config="true" signature="TearDown()[pri:0, instance:testcases.LoginTest@4470f8a6]" started-at="2024-03-10T21:11:01 IST" name="TearDown" finished-at="2024-03-10T21:11:01 IST" duration-ms="240" status="PASS">
          <reporter-output>
          </reporter-output>
        </test-method> <!-- TearDown -->
        <test-method signature="LoginSuccessTest2()[pri:0, instance:testcases.LoginTest@4470f8a6]" started-at="2024-03-10T21:11:01 IST" name="LoginSuccessTest2" finished-at="2024-03-10T21:11:20 IST" duration-ms="18767" status="PASS">
          <reporter-output>
          </reporter-output>
        </test-method> <!-- LoginSuccessTest2 -->
        <test-method is-config="true" signature="TearDown()[pri:0, instance:testcases.LoginTest@4470f8a6]" started-at="2024-03-10T21:11:20 IST" name="TearDown" finished-at="2024-03-10T21:11:20 IST" duration-ms="104" status="PASS">
          <reporter-output>
          </reporter-output>
        </test-method> <!-- TearDown -->
      </class> <!-- testcases.LoginTest -->
    </test> <!-- Test -->
  </suite> <!-- Suite -->
</testng-results>
