<?xml version="1.0" encoding="UTF-8"?>
<testng-results ignored="0" total="2" passed="2" failed="0" skipped="0">
  <reporter-output>
  </reporter-output>
  <suite started-at="2023-11-25T14:56:42Z" name="Default suite" finished-at="2023-11-25T15:01:16Z" duration-ms="274186">
    <groups>
    </groups>
    <test started-at="2023-11-25T14:56:42Z" name="Default test" finished-at="2023-11-25T15:01:16Z" duration-ms="274186">
      <class name="testcases.LoginTest">
        <test-method is-config="true" signature="SetUp()[pri:0, instance:testcases.LoginTest@3697186]" started-at="2023-11-25T14:56:42Z" name="SetUp" finished-at="2023-11-25T14:56:46Z" duration-ms="4596" status="PASS">
          <reporter-output>
          </reporter-output>
        </test-method> <!-- SetUp -->
        <test-method signature="LoginFailureTest()[pri:0, instance:testcases.LoginTest@3697186]" started-at="2023-11-25T14:56:46Z" name="LoginFailureTest" finished-at="2023-11-25T15:00:35Z" duration-ms="229082" status="PASS">
          <reporter-output>
          </reporter-output>
        </test-method> <!-- LoginFailureTest -->
        <test-method is-config="true" signature="TearDown()[pri:0, instance:testcases.LoginTest@3697186]" started-at="2023-11-25T15:00:35Z" name="TearDown" finished-at="2023-11-25T15:00:36Z" duration-ms="179" status="PASS">
          <reporter-output>
          </reporter-output>
        </test-method> <!-- TearDown -->
        <test-method is-config="true" signature="SetUp()[pri:0, instance:testcases.LoginTest@3697186]" started-at="2023-11-25T15:00:36Z" name="SetUp" finished-at="2023-11-25T15:00:40Z" duration-ms="4213" status="PASS">
          <reporter-output>
          </reporter-output>
        </test-method> <!-- SetUp -->
        <test-method signature="LoginSuccessTest()[pri:0, instance:testcases.LoginTest@3697186]" started-at="2023-11-25T15:00:40Z" name="LoginSuccessTest" finished-at="2023-11-25T15:01:16Z" duration-ms="35877" status="PASS">
          <reporter-output>
          </reporter-output>
        </test-method> <!-- LoginSuccessTest -->
        <test-method is-config="true" signature="TearDown()[pri:0, instance:testcases.LoginTest@3697186]" started-at="2023-11-25T15:01:16Z" name="TearDown" finished-at="2023-11-25T15:01:16Z" duration-ms="211" status="PASS">
          <reporter-output>
          </reporter-output>
        </test-method> <!-- TearDown -->
      </class> <!-- testcases.LoginTest -->
    </test> <!-- Default test -->
  </suite> <!-- Default suite -->
</testng-results>
